<?xml version="1.0" encoding="UTF-8"?>
<testsuite xmlns:xsi="http://www.w3.org/2001/XMLSchema-instance" xsi:noNamespaceSchemaLocation="https://maven.apache.org/surefire/maven-surefire-plugin/xsd/surefire-test-report-3.0.xsd" version="3.0" name="org.apache.beam.examples.complete.game.StatefulTeamScoreTest" time="4.305" tests="3" errors="0" skipped="0" failures="0">
  <properties>
    <property name="gopherProxySet" value="false"/>
    <property name="awt.toolkit" value="sun.lwawt.macosx.LWCToolkit"/>
    <property name="file.encoding.pkg" value="sun.io"/>
    <property name="java.specification.version" value="1.8"/>
    <property name="sun.cpu.isalist" value=""/>
    <property name="sun.jnu.encoding" value="UTF-8"/>
    <property name="java.class.path" value="/Users/digvijay.upadhyay/GitHub/java-playground/word-count-beam/target/test-classes:/Users/digvijay.upadhyay/GitHub/java-playground/word-count-beam/target/classes:/Users/digvijay.upadhyay/.m2/repository/org/apache/beam/beam-sdks-java-core/2.29.0/beam-sdks-java-core-2.29.0.jar:/Users/digvijay.upadhyay/.m2/repository/org/apache/beam/beam-model-pipeline/2.29.0/beam-model-pipeline-2.29.0.jar:/Users/digvijay.upadhyay/.m2/repository/commons-logging/commons-logging/1.2/commons-logging-1.2.jar:/Users/digvijay.upadhyay/.m2/repository/org/apache/logging/log4j/log4j-api/2.6.2/log4j-api-2.6.2.jar:/Users/digvijay.upadhyay/.m2/repository/org/conscrypt/conscrypt-openjdk-uber/2.5.1/conscrypt-openjdk-uber-2.5.1.jar:/Users/digvijay.upadhyay/.m2/repository/org/apache/beam/beam-model-job-management/2.29.0/beam-model-job-management-2.29.0.jar:/Users/digvijay.upadhyay/.m2/repository/org/apache/beam/beam-vendor-bytebuddy-1_10_8/0.1/beam-vendor-bytebuddy-1_10_8-0.1.jar:/Users/digvijay.upadhyay/.m2/repository/org/apache/beam/beam-vendor-grpc-1_26_0/0.3/beam-vendor-grpc-1_26_0-0.3.jar:/Users/digvijay.upadhyay/.m2/repository/org/apache/beam/beam-vendor-guava-26_0-jre/0.1/beam-vendor-guava-26_0-jre-0.1.jar:/Users/digvijay.upadhyay/.m2/repository/com/google/code/findbugs/jsr305/3.0.2/jsr305-3.0.2.jar:/Users/digvijay.upadhyay/.m2/repository/com/google/errorprone/error_prone_annotations/2.3.4/error_prone_annotations-2.3.4.jar:/Users/digvijay.upadhyay/.m2/repository/com/fasterxml/jackson/core/jackson-core/2.12.1/jackson-core-2.12.1.jar:/Users/digvijay.upadhyay/.m2/repository/com/fasterxml/jackson/core/jackson-annotations/2.12.1/jackson-annotations-2.12.1.jar:/Users/digvijay.upadhyay/.m2/repository/com/fasterxml/jackson/core/jackson-databind/2.12.1/jackson-databind-2.12.1.jar:/Users/digvijay.upadhyay/.m2/repository/org/apache/avro/avro/1.8.2/avro-1.8.2.jar:/Users/digvijay.upadhyay/.m2/repository/org/codehaus/jackson/jackson-core-asl/1.9.13/jackson-core-asl-1.9.13.jar:/Users/digvijay.upadhyay/.m2/repository/org/codehaus/jackson/jackson-mapper-asl/1.9.13/jackson-mapper-asl-1.9.13.jar:/Users/digvijay.upadhyay/.m2/repository/com/thoughtworks/paranamer/paranamer/2.7/paranamer-2.7.jar:/Users/digvijay.upadhyay/.m2/repository/org/apache/commons/commons-compress/1.8.1/commons-compress-1.8.1.jar:/Users/digvijay.upadhyay/.m2/repository/org/tukaani/xz/1.5/xz-1.5.jar:/Users/digvijay.upadhyay/.m2/repository/org/xerial/snappy/snappy-java/1.1.8.4/snappy-java-1.1.8.4.jar:/Users/digvijay.upadhyay/.m2/repository/org/apache/beam/beam-sdks-java-io-google-cloud-platform/2.29.0/beam-sdks-java-io-google-cloud-platform-2.29.0.jar:/Users/digvijay.upadhyay/.m2/repository/org/checkerframework/checker-qual/3.10.0/checker-qual-3.10.0.jar:/Users/digvijay.upadhyay/.m2/repository/org/apache/beam/beam-runners-core-java/2.29.0/beam-runners-core-java-2.29.0.jar:/Users/digvijay.upadhyay/.m2/repository/org/apache/beam/beam-sdks-java-expansion-service/2.29.0/beam-sdks-java-expansion-service-2.29.0.jar:/Users/digvijay.upadhyay/.m2/repository/org/apache/beam/beam-sdks-java-extensions-google-cloud-platform-core/2.29.0/beam-sdks-java-extensions-google-cloud-platform-core-2.29.0.jar:/Users/digvijay.upadhyay/.m2/repository/com/google/cloud/bigdataoss/gcsio/2.1.6/gcsio-2.1.6.jar:/Users/digvijay.upadhyay/.m2/repository/com/github/rholder/guava-retrying/2.0.0/guava-retrying-2.0.0.jar:/Users/digvijay.upadhyay/.m2/repository/com/google/apis/google-api-services-cloudresourcemanager/v1-rev20210222-1.31.0/google-api-services-cloudresourcemanager-v1-rev20210222-1.31.0.jar:/Users/digvijay.upadhyay/.m2/repository/org/apache/beam/beam-sdks-java-extensions-protobuf/2.29.0/beam-sdks-java-extensions-protobuf-2.29.0.jar:/Users/digvijay.upadhyay/.m2/repository/org/apache/beam/beam-runners-core-construction-java/2.29.0/beam-runners-core-construction-java-2.29.0.jar:/Users/digvijay.upadhyay/.m2/repository/io/github/classgraph/classgraph/4.8.65/classgraph-4.8.65.jar:/Users/digvijay.upadhyay/.m2/repository/com/google/cloud/bigdataoss/util/2.1.6/util-2.1.6.jar:/Users/digvijay.upadhyay/.m2/repository/com/google/api-client/google-api-client-java6/1.30.10/google-api-client-java6-1.30.10.jar:/Users/digvijay.upadhyay/.m2/repository/com/google/api-client/google-api-client-jackson2/1.30.10/google-api-client-jackson2-1.30.10.jar:/Users/digvijay.upadhyay/.m2/repository/com/google/apis/google-api-services-iamcredentials/v1-rev20201022-1.30.10/google-api-services-iamcredentials-v1-rev20201022-1.30.10.jar:/Users/digvijay.upadhyay/.m2/repository/com/google/auto/value/auto-value-annotations/1.7.4/auto-value-annotations-1.7.4.jar:/Users/digvijay.upadhyay/.m2/repository/com/google/oauth-client/google-oauth-client-java6/1.31.2/google-oauth-client-java6-1.31.2.jar:/Users/digvijay.upadhyay/.m2/repository/com/google/flogger/google-extensions/0.5.1/google-extensions-0.5.1.jar:/Users/digvijay.upadhyay/.m2/repository/com/google/flogger/flogger-system-backend/0.5.1/flogger-system-backend-0.5.1.jar:/Users/digvijay.upadhyay/.m2/repository/com/google/api/gax/1.60.1/gax-1.60.1.jar:/Users/digvijay.upadhyay/.m2/repository/com/google/api/gax-grpc/1.60.1/gax-grpc-1.60.1.jar:/Users/digvijay.upadhyay/.m2/repository/io/grpc/grpc-protobuf/1.35.0/grpc-protobuf-1.35.0.jar:/Users/digvijay.upadhyay/.m2/repository/com/google/api/api-common/1.10.1/api-common-1.10.1.jar:/Users/digvijay.upadhyay/.m2/repository/javax/annotation/javax.annotation-api/1.3.2/javax.annotation-api-1.3.2.jar:/Users/digvijay.upadhyay/.m2/repository/com/google/apis/google-api-services-healthcare/v1beta1-rev20210217-1.31.0/google-api-services-healthcare-v1beta1-rev20210217-1.31.0.jar:/Users/digvijay.upadhyay/.m2/repository/com/google/apis/google-api-services-storage/v1-rev20210127-1.31.0/google-api-services-storage-v1-rev20210127-1.31.0.jar:/Users/digvijay.upadhyay/.m2/repository/com/google/auth/google-auth-library-credentials/0.22.2/google-auth-library-credentials-0.22.2.jar:/Users/digvijay.upadhyay/.m2/repository/com/google/auth/google-auth-library-oauth2-http/0.22.2/google-auth-library-oauth2-http-0.22.2.jar:/Users/digvijay.upadhyay/.m2/repository/com/google/cloud/google-cloud-bigquerystorage/1.8.0/google-cloud-bigquerystorage-1.8.0.jar:/Users/digvijay.upadhyay/.m2/repository/org/codehaus/mojo/animal-sniffer-annotations/1.19/animal-sniffer-annotations-1.19.jar:/Users/digvijay.upadhyay/.m2/repository/io/grpc/grpc-protobuf-lite/1.35.0/grpc-protobuf-lite-1.35.0.jar:/Users/digvijay.upadhyay/.m2/repository/com/google/api/grpc/proto-google-cloud-bigquerystorage-v1alpha2/0.108.0/proto-google-cloud-bigquerystorage-v1alpha2-0.108.0.jar:/Users/digvijay.upadhyay/.m2/repository/com/google/api/grpc/proto-google-cloud-bigquerystorage-v1beta1/0.108.0/proto-google-cloud-bigquerystorage-v1beta1-0.108.0.jar:/Users/digvijay.upadhyay/.m2/repository/com/google/guava/failureaccess/1.0.1/failureaccess-1.0.1.jar:/Users/digvijay.upadhyay/.m2/repository/com/google/guava/listenablefuture/9999.0-empty-to-avoid-conflict-with-guava/listenablefuture-9999.0-empty-to-avoid-conflict-with-guava.jar:/Users/digvijay.upadhyay/.m2/repository/org/checkerframework/checker-compat-qual/2.5.5/checker-compat-qual-2.5.5.jar:/Users/digvijay.upadhyay/.m2/repository/org/apache/commons/commons-lang3/3.5/commons-lang3-3.5.jar:/Users/digvijay.upadhyay/.m2/repository/org/json/json/20200518/json-20200518.jar:/Users/digvijay.upadhyay/.m2/repository/com/google/cloud/google-cloud-bigquery/1.126.3/google-cloud-bigquery-1.126.3.jar:/Users/digvijay.upadhyay/.m2/repository/com/google/api/grpc/proto-google-iam-v1/1.0.7/proto-google-iam-v1-1.0.7.jar:/Users/digvijay.upadhyay/.m2/repository/com/google/cloud/google-cloud-core-http/1.94.0/google-cloud-core-http-1.94.0.jar:/Users/digvijay.upadhyay/.m2/repository/com/google/http-client/google-http-client-appengine/1.38.1/google-http-client-appengine-1.38.1.jar:/Users/digvijay.upadhyay/.m2/repository/com/google/api/gax-httpjson/0.77.1/gax-httpjson-0.77.1.jar:/Users/digvijay.upadhyay/.m2/repository/commons-codec/commons-codec/1.11/commons-codec-1.11.jar:/Users/digvijay.upadhyay/.m2/repository/com/google/android/annotations/4.1.1.4/annotations-4.1.1.4.jar:/Users/digvijay.upadhyay/.m2/repository/io/perfmark/perfmark-api/0.19.0/perfmark-api-0.19.0.jar:/Users/digvijay.upadhyay/.m2/repository/com/google/api/grpc/grpc-google-cloud-bigquerystorage-v1beta1/0.108.0/grpc-google-cloud-bigquerystorage-v1beta1-0.108.0.jar:/Users/digvijay.upadhyay/.m2/repository/com/google/api/grpc/grpc-google-cloud-bigquerystorage-v1beta2/0.108.0/grpc-google-cloud-bigquerystorage-v1beta2-0.108.0.jar:/Users/digvijay.upadhyay/.m2/repository/com/google/api/grpc/grpc-google-cloud-bigquerystorage-v1/1.8.0/grpc-google-cloud-bigquerystorage-v1-1.8.0.jar:/Users/digvijay.upadhyay/.m2/repository/com/google/cloud/bigtable/bigtable-client-core/1.16.0/bigtable-client-core-1.16.0.jar:/Users/digvijay.upadhyay/.m2/repository/com/google/cloud/google-cloud-bigtable/1.19.2/google-cloud-bigtable-1.19.2.jar:/Users/digvijay.upadhyay/.m2/repository/com/google/api/grpc/grpc-google-common-protos/2.0.1/grpc-google-common-protos-2.0.1.jar:/Users/digvijay.upadhyay/.m2/repository/com/google/api/grpc/grpc-google-cloud-bigtable-v2/1.19.2/grpc-google-cloud-bigtable-v2-1.19.2.jar:/Users/digvijay.upadhyay/.m2/repository/com/google/api/grpc/grpc-google-cloud-bigtable-admin-v2/1.19.2/grpc-google-cloud-bigtable-admin-v2-1.19.2.jar:/Users/digvijay.upadhyay/.m2/repository/io/opencensus/opencensus-contrib-grpc-util/0.24.0/opencensus-contrib-grpc-util-0.24.0.jar:/Users/digvijay.upadhyay/.m2/repository/io/dropwizard/metrics/metrics-core/3.2.6/metrics-core-3.2.6.jar:/Users/digvijay.upadhyay/.m2/repository/com/google/cloud/google-cloud-core/1.94.0/google-cloud-core-1.94.0.jar:/Users/digvijay.upadhyay/.m2/repository/com/google/cloud/google-cloud-core-grpc/1.94.0/google-cloud-core-grpc-1.94.0.jar:/Users/digvijay.upadhyay/.m2/repository/com/google/cloud/datastore/datastore-v1-proto-client/1.6.3/datastore-v1-proto-client-1.6.3.jar:/Users/digvijay.upadhyay/.m2/repository/com/google/http-client/google-http-client-protobuf/1.38.1/google-http-client-protobuf-1.38.1.jar:/Users/digvijay.upadhyay/.m2/repository/com/google/cloud/google-cloud-pubsublite/0.7.0/google-cloud-pubsublite-0.7.0.jar:/Users/digvijay.upadhyay/.m2/repository/com/google/flogger/flogger/0.5.1/flogger-0.5.1.jar:/Users/digvijay.upadhyay/.m2/repository/com/google/cloud/google-cloud-pubsub/1.110.3/google-cloud-pubsub-1.110.3.jar:/Users/digvijay.upadhyay/.m2/repository/com/google/cloud/google-cloud-spanner/3.2.1/google-cloud-spanner-3.2.1.jar:/Users/digvijay.upadhyay/.m2/repository/com/google/api/grpc/proto-google-cloud-spanner-admin-instance-v1/3.2.1/proto-google-cloud-spanner-admin-instance-v1-3.2.1.jar:/Users/digvijay.upadhyay/.m2/repository/com/google/api/grpc/grpc-google-cloud-spanner-admin-instance-v1/3.2.1/grpc-google-cloud-spanner-admin-instance-v1-3.2.1.jar:/Users/digvijay.upadhyay/.m2/repository/com/google/api/grpc/grpc-google-cloud-spanner-v1/3.2.1/grpc-google-cloud-spanner-v1-3.2.1.jar:/Users/digvijay.upadhyay/.m2/repository/com/google/api/grpc/grpc-google-cloud-spanner-admin-database-v1/3.2.1/grpc-google-cloud-spanner-admin-database-v1-3.2.1.jar:/Users/digvijay.upadhyay/.m2/repository/com/google/code/gson/gson/2.8.6/gson-2.8.6.jar:/Users/digvijay.upadhyay/.m2/repository/com/google/http-client/google-http-client-jackson2/1.38.1/google-http-client-jackson2-1.38.1.jar:/Users/digvijay.upadhyay/.m2/repository/io/grpc/grpc-alts/1.35.0/grpc-alts-1.35.0.jar:/Users/digvijay.upadhyay/.m2/repository/io/grpc/grpc-api/1.35.0/grpc-api-1.35.0.jar:/Users/digvijay.upadhyay/.m2/repository/io/grpc/grpc-auth/1.35.0/grpc-auth-1.35.0.jar:/Users/digvijay.upadhyay/.m2/repository/io/grpc/grpc-core/1.35.0/grpc-core-1.35.0.jar:/Users/digvijay.upadhyay/.m2/repository/io/grpc/grpc-context/1.35.0/grpc-context-1.35.0.jar:/Users/digvijay.upadhyay/.m2/repository/io/grpc/grpc-grpclb/1.35.0/grpc-grpclb-1.35.0.jar:/Users/digvijay.upadhyay/.m2/repository/io/grpc/grpc-netty/1.35.0/grpc-netty-1.35.0.jar:/Users/digvijay.upadhyay/.m2/repository/io/netty/netty-codec-http2/4.1.52.Final/netty-codec-http2-4.1.52.Final.jar:/Users/digvijay.upadhyay/.m2/repository/io/netty/netty-codec-http/4.1.52.Final/netty-codec-http-4.1.52.Final.jar:/Users/digvijay.upadhyay/.m2/repository/io/netty/netty-handler-proxy/4.1.52.Final/netty-handler-proxy-4.1.52.Final.jar:/Users/digvijay.upadhyay/.m2/repository/io/netty/netty-codec-socks/4.1.52.Final/netty-codec-socks-4.1.52.Final.jar:/Users/digvijay.upadhyay/.m2/repository/io/grpc/grpc-netty-shaded/1.35.0/grpc-netty-shaded-1.35.0.jar:/Users/digvijay.upadhyay/.m2/repository/io/grpc/grpc-stub/1.35.0/grpc-stub-1.35.0.jar:/Users/digvijay.upadhyay/.m2/repository/com/google/api/grpc/grpc-google-cloud-pubsub-v1/1.92.3/grpc-google-cloud-pubsub-v1-1.92.3.jar:/Users/digvijay.upadhyay/.m2/repository/com/google/api/grpc/grpc-google-cloud-pubsublite-v1/0.7.0/grpc-google-cloud-pubsublite-v1-0.7.0.jar:/Users/digvijay.upadhyay/.m2/repository/com/google/guava/guava/30.1-jre/guava-30.1-jre.jar:/Users/digvijay.upadhyay/.m2/repository/org/hamcrest/hamcrest/2.1/hamcrest-2.1.jar:/Users/digvijay.upadhyay/.m2/repository/org/apache/httpcomponents/httpclient/4.5.10/httpclient-4.5.10.jar:/Users/digvijay.upadhyay/.m2/repository/org/apache/httpcomponents/httpcore/4.4.12/httpcore-4.4.12.jar:/Users/digvijay.upadhyay/.m2/repository/io/netty/netty-handler/4.1.52.Final/netty-handler-4.1.52.Final.jar:/Users/digvijay.upadhyay/.m2/repository/io/netty/netty-common/4.1.52.Final/netty-common-4.1.52.Final.jar:/Users/digvijay.upadhyay/.m2/repository/io/netty/netty-resolver/4.1.52.Final/netty-resolver-4.1.52.Final.jar:/Users/digvijay.upadhyay/.m2/repository/io/netty/netty-buffer/4.1.52.Final/netty-buffer-4.1.52.Final.jar:/Users/digvijay.upadhyay/.m2/repository/io/netty/netty-transport/4.1.52.Final/netty-transport-4.1.52.Final.jar:/Users/digvijay.upadhyay/.m2/repository/io/netty/netty-codec/4.1.52.Final/netty-codec-4.1.52.Final.jar:/Users/digvijay.upadhyay/.m2/repository/io/netty/netty-tcnative-boringssl-static/2.0.33.Final/netty-tcnative-boringssl-static-2.0.33.Final.jar:/Users/digvijay.upadhyay/.m2/repository/com/google/api/grpc/proto-google-cloud-bigquerystorage-v1/1.8.0/proto-google-cloud-bigquerystorage-v1-1.8.0.jar:/Users/digvijay.upadhyay/.m2/repository/com/google/api/grpc/proto-google-cloud-bigquerystorage-v1beta2/0.108.0/proto-google-cloud-bigquerystorage-v1beta2-0.108.0.jar:/Users/digvijay.upadhyay/.m2/repository/com/google/api/grpc/proto-google-cloud-bigtable-admin-v2/1.19.2/proto-google-cloud-bigtable-admin-v2-1.19.2.jar:/Users/digvijay.upadhyay/.m2/repository/com/google/api/grpc/proto-google-cloud-bigtable-v2/1.19.2/proto-google-cloud-bigtable-v2-1.19.2.jar:/Users/digvijay.upadhyay/.m2/repository/com/google/api/grpc/proto-google-cloud-datastore-v1/0.88.5/proto-google-cloud-datastore-v1-0.88.5.jar:/Users/digvijay.upadhyay/.m2/repository/com/google/api/grpc/proto-google-cloud-pubsub-v1/1.92.3/proto-google-cloud-pubsub-v1-1.92.3.jar:/Users/digvijay.upadhyay/.m2/repository/com/google/api/grpc/proto-google-cloud-pubsublite-v1/0.7.0/proto-google-cloud-pubsublite-v1-0.7.0.jar:/Users/digvijay.upadhyay/.m2/repository/com/google/api/grpc/proto-google-cloud-spanner-admin-database-v1/3.2.1/proto-google-cloud-spanner-admin-database-v1-3.2.1.jar:/Users/digvijay.upadhyay/.m2/repository/com/google/api/grpc/proto-google-cloud-spanner-v1/3.2.1/proto-google-cloud-spanner-v1-3.2.1.jar:/Users/digvijay.upadhyay/.m2/repository/com/google/api/grpc/proto-google-common-protos/2.0.1/proto-google-common-protos-2.0.1.jar:/Users/digvijay.upadhyay/.m2/repository/com/google/protobuf/protobuf-java/3.14.0/protobuf-java-3.14.0.jar:/Users/digvijay.upadhyay/.m2/repository/com/google/protobuf/protobuf-java-util/3.14.0/protobuf-java-util-3.14.0.jar:/Users/digvijay.upadhyay/.m2/repository/org/threeten/threetenbp/1.4.4/threetenbp-1.4.4.jar:/Users/digvijay.upadhyay/.m2/repository/com/google/api-client/google-api-client/1.31.1/google-api-client-1.31.1.jar:/Users/digvijay.upadhyay/.m2/repository/com/google/oauth-client/google-oauth-client/1.31.2/google-oauth-client-1.31.2.jar:/Users/digvijay.upadhyay/.m2/repository/com/google/http-client/google-http-client-apache-v2/1.38.1/google-http-client-apache-v2-1.38.1.jar:/Users/digvijay.upadhyay/.m2/repository/com/google/apis/google-api-services-bigquery/v2-rev20210219-1.31.0/google-api-services-bigquery-v2-rev20210219-1.31.0.jar:/Users/digvijay.upadhyay/.m2/repository/com/google/http-client/google-http-client/1.38.1/google-http-client-1.38.1.jar:/Users/digvijay.upadhyay/.m2/repository/com/google/j2objc/j2objc-annotations/1.3/j2objc-annotations-1.3.jar:/Users/digvijay.upadhyay/.m2/repository/io/opencensus/opencensus-api/0.24.0/opencensus-api-0.24.0.jar:/Users/digvijay.upadhyay/.m2/repository/io/opencensus/opencensus-contrib-http-util/0.24.0/opencensus-contrib-http-util-0.24.0.jar:/Users/digvijay.upadhyay/.m2/repository/com/google/apis/google-api-services-pubsub/v1-rev20210208-1.31.0/google-api-services-pubsub-v1-rev20210208-1.31.0.jar:/Users/digvijay.upadhyay/.m2/repository/joda-time/joda-time/2.10.10/joda-time-2.10.10.jar:/Users/digvijay.upadhyay/.m2/repository/org/slf4j/slf4j-api/1.7.30/slf4j-api-1.7.30.jar:/Users/digvijay.upadhyay/.m2/repository/org/slf4j/slf4j-jdk14/1.7.30/slf4j-jdk14-1.7.30.jar:/Users/digvijay.upadhyay/.m2/repository/org/hamcrest/hamcrest-core/2.1/hamcrest-core-2.1.jar:/Users/digvijay.upadhyay/.m2/repository/org/hamcrest/hamcrest-library/2.1/hamcrest-library-2.1.jar:/Users/digvijay.upadhyay/.m2/repository/junit/junit/4.13.1/junit-4.13.1.jar:/Users/digvijay.upadhyay/.m2/repository/org/apache/beam/beam-runners-direct-java/2.29.0/beam-runners-direct-java-2.29.0.jar:/Users/digvijay.upadhyay/.m2/repository/org/mockito/mockito-core/3.7.7/mockito-core-3.7.7.jar:/Users/digvijay.upadhyay/.m2/repository/net/bytebuddy/byte-buddy/1.10.19/byte-buddy-1.10.19.jar:/Users/digvijay.upadhyay/.m2/repository/net/bytebuddy/byte-buddy-agent/1.10.19/byte-buddy-agent-1.10.19.jar:/Users/digvijay.upadhyay/.m2/repository/org/objenesis/objenesis/3.1/objenesis-3.1.jar:/Users/digvijay.upadhyay/.m2/repository/org/apache/beam/beam-runners-portability-java/2.29.0/beam-runners-portability-java-2.29.0.jar:/Users/digvijay.upadhyay/.m2/repository/org/apache/beam/beam-runners-java-fn-execution/2.29.0/beam-runners-java-fn-execution-2.29.0.jar:/Users/digvijay.upadhyay/.m2/repository/org/apache/beam/beam-runners-java-job-service/2.29.0/beam-runners-java-job-service-2.29.0.jar:/Users/digvijay.upadhyay/.m2/repository/args4j/args4j/2.33/args4j-2.33.jar:/Users/digvijay.upadhyay/.m2/repository/org/apache/beam/beam-sdks-java-harness/2.29.0/beam-sdks-java-harness-2.29.0.jar:/Users/digvijay.upadhyay/.m2/repository/org/apache/beam/beam-model-fn-execution/2.29.0/beam-model-fn-execution-2.29.0.jar:/Users/digvijay.upadhyay/.m2/repository/org/apache/beam/beam-sdks-java-fn-execution/2.29.0/beam-sdks-java-fn-execution-2.29.0.jar:"/>
    <property name="java.vm.vendor" value="Oracle Corporation"/>
    <property name="sun.arch.data.model" value="64"/>
    <property name="java.vendor.url" value="http://java.oracle.com/"/>
    <property name="user.timezone" value="Europe/London"/>
    <property name="java.vm.specification.version" value="1.8"/>
    <property name="os.name" value="Mac OS X"/>
    <property name="user.country" value="GB"/>
    <property name="sun.java.launcher" value="SUN_STANDARD"/>
    <property name="sun.boot.library.path" value="/Library/Java/JavaVirtualMachines/jdk1.8.0_291.jdk/Contents/Home/jre/lib"/>
    <property name="sun.java.command" value="/Users/digvijay.upadhyay/GitHub/java-playground/word-count-beam/target/surefire/surefirebooter5314715808604461266.jar /Users/digvijay.upadhyay/GitHub/java-playground/word-count-beam/target/surefire 2021-05-17T09-44-04_408-jvmRun1 surefire6413158127971098983tmp surefire_04842460676960025757tmp"/>
    <property name="surefire.test.class.path" value="/Users/digvijay.upadhyay/GitHub/java-playground/word-count-beam/target/test-classes:/Users/digvijay.upadhyay/GitHub/java-playground/word-count-beam/target/classes:/Users/digvijay.upadhyay/.m2/repository/org/apache/beam/beam-sdks-java-core/2.29.0/beam-sdks-java-core-2.29.0.jar:/Users/digvijay.upadhyay/.m2/repository/org/apache/beam/beam-model-pipeline/2.29.0/beam-model-pipeline-2.29.0.jar:/Users/digvijay.upadhyay/.m2/repository/commons-logging/commons-logging/1.2/commons-logging-1.2.jar:/Users/digvijay.upadhyay/.m2/repository/org/apache/logging/log4j/log4j-api/2.6.2/log4j-api-2.6.2.jar:/Users/digvijay.upadhyay/.m2/repository/org/conscrypt/conscrypt-openjdk-uber/2.5.1/conscrypt-openjdk-uber-2.5.1.jar:/Users/digvijay.upadhyay/.m2/repository/org/apache/beam/beam-model-job-management/2.29.0/beam-model-job-management-2.29.0.jar:/Users/digvijay.upadhyay/.m2/repository/org/apache/beam/beam-vendor-bytebuddy-1_10_8/0.1/beam-vendor-bytebuddy-1_10_8-0.1.jar:/Users/digvijay.upadhyay/.m2/repository/org/apache/beam/beam-vendor-grpc-1_26_0/0.3/beam-vendor-grpc-1_26_0-0.3.jar:/Users/digvijay.upadhyay/.m2/repository/org/apache/beam/beam-vendor-guava-26_0-jre/0.1/beam-vendor-guava-26_0-jre-0.1.jar:/Users/digvijay.upadhyay/.m2/repository/com/google/code/findbugs/jsr305/3.0.2/jsr305-3.0.2.jar:/Users/digvijay.upadhyay/.m2/repository/com/google/errorprone/error_prone_annotations/2.3.4/error_prone_annotations-2.3.4.jar:/Users/digvijay.upadhyay/.m2/repository/com/fasterxml/jackson/core/jackson-core/2.12.1/jackson-core-2.12.1.jar:/Users/digvijay.upadhyay/.m2/repository/com/fasterxml/jackson/core/jackson-annotations/2.12.1/jackson-annotations-2.12.1.jar:/Users/digvijay.upadhyay/.m2/repository/com/fasterxml/jackson/core/jackson-databind/2.12.1/jackson-databind-2.12.1.jar:/Users/digvijay.upadhyay/.m2/repository/org/apache/avro/avro/1.8.2/avro-1.8.2.jar:/Users/digvijay.upadhyay/.m2/repository/org/codehaus/jackson/jackson-core-asl/1.9.13/jackson-core-asl-1.9.13.jar:/Users/digvijay.upadhyay/.m2/repository/org/codehaus/jackson/jackson-mapper-asl/1.9.13/jackson-mapper-asl-1.9.13.jar:/Users/digvijay.upadhyay/.m2/repository/com/thoughtworks/paranamer/paranamer/2.7/paranamer-2.7.jar:/Users/digvijay.upadhyay/.m2/repository/org/apache/commons/commons-compress/1.8.1/commons-compress-1.8.1.jar:/Users/digvijay.upadhyay/.m2/repository/org/tukaani/xz/1.5/xz-1.5.jar:/Users/digvijay.upadhyay/.m2/repository/org/xerial/snappy/snappy-java/1.1.8.4/snappy-java-1.1.8.4.jar:/Users/digvijay.upadhyay/.m2/repository/org/apache/beam/beam-sdks-java-io-google-cloud-platform/2.29.0/beam-sdks-java-io-google-cloud-platform-2.29.0.jar:/Users/digvijay.upadhyay/.m2/repository/org/checkerframework/checker-qual/3.10.0/checker-qual-3.10.0.jar:/Users/digvijay.upadhyay/.m2/repository/org/apache/beam/beam-runners-core-java/2.29.0/beam-runners-core-java-2.29.0.jar:/Users/digvijay.upadhyay/.m2/repository/org/apache/beam/beam-sdks-java-expansion-service/2.29.0/beam-sdks-java-expansion-service-2.29.0.jar:/Users/digvijay.upadhyay/.m2/repository/org/apache/beam/beam-sdks-java-extensions-google-cloud-platform-core/2.29.0/beam-sdks-java-extensions-google-cloud-platform-core-2.29.0.jar:/Users/digvijay.upadhyay/.m2/repository/com/google/cloud/bigdataoss/gcsio/2.1.6/gcsio-2.1.6.jar:/Users/digvijay.upadhyay/.m2/repository/com/github/rholder/guava-retrying/2.0.0/guava-retrying-2.0.0.jar:/Users/digvijay.upadhyay/.m2/repository/com/google/apis/google-api-services-cloudresourcemanager/v1-rev20210222-1.31.0/google-api-services-cloudresourcemanager-v1-rev20210222-1.31.0.jar:/Users/digvijay.upadhyay/.m2/repository/org/apache/beam/beam-sdks-java-extensions-protobuf/2.29.0/beam-sdks-java-extensions-protobuf-2.29.0.jar:/Users/digvijay.upadhyay/.m2/repository/org/apache/beam/beam-runners-core-construction-java/2.29.0/beam-runners-core-construction-java-2.29.0.jar:/Users/digvijay.upadhyay/.m2/repository/io/github/classgraph/classgraph/4.8.65/classgraph-4.8.65.jar:/Users/digvijay.upadhyay/.m2/repository/com/google/cloud/bigdataoss/util/2.1.6/util-2.1.6.jar:/Users/digvijay.upadhyay/.m2/repository/com/google/api-client/google-api-client-java6/1.30.10/google-api-client-java6-1.30.10.jar:/Users/digvijay.upadhyay/.m2/repository/com/google/api-client/google-api-client-jackson2/1.30.10/google-api-client-jackson2-1.30.10.jar:/Users/digvijay.upadhyay/.m2/repository/com/google/apis/google-api-services-iamcredentials/v1-rev20201022-1.30.10/google-api-services-iamcredentials-v1-rev20201022-1.30.10.jar:/Users/digvijay.upadhyay/.m2/repository/com/google/auto/value/auto-value-annotations/1.7.4/auto-value-annotations-1.7.4.jar:/Users/digvijay.upadhyay/.m2/repository/com/google/oauth-client/google-oauth-client-java6/1.31.2/google-oauth-client-java6-1.31.2.jar:/Users/digvijay.upadhyay/.m2/repository/com/google/flogger/google-extensions/0.5.1/google-extensions-0.5.1.jar:/Users/digvijay.upadhyay/.m2/repository/com/google/flogger/flogger-system-backend/0.5.1/flogger-system-backend-0.5.1.jar:/Users/digvijay.upadhyay/.m2/repository/com/google/api/gax/1.60.1/gax-1.60.1.jar:/Users/digvijay.upadhyay/.m2/repository/com/google/api/gax-grpc/1.60.1/gax-grpc-1.60.1.jar:/Users/digvijay.upadhyay/.m2/repository/io/grpc/grpc-protobuf/1.35.0/grpc-protobuf-1.35.0.jar:/Users/digvijay.upadhyay/.m2/repository/com/google/api/api-common/1.10.1/api-common-1.10.1.jar:/Users/digvijay.upadhyay/.m2/repository/javax/annotation/javax.annotation-api/1.3.2/javax.annotation-api-1.3.2.jar:/Users/digvijay.upadhyay/.m2/repository/com/google/apis/google-api-services-healthcare/v1beta1-rev20210217-1.31.0/google-api-services-healthcare-v1beta1-rev20210217-1.31.0.jar:/Users/digvijay.upadhyay/.m2/repository/com/google/apis/google-api-services-storage/v1-rev20210127-1.31.0/google-api-services-storage-v1-rev20210127-1.31.0.jar:/Users/digvijay.upadhyay/.m2/repository/com/google/auth/google-auth-library-credentials/0.22.2/google-auth-library-credentials-0.22.2.jar:/Users/digvijay.upadhyay/.m2/repository/com/google/auth/google-auth-library-oauth2-http/0.22.2/google-auth-library-oauth2-http-0.22.2.jar:/Users/digvijay.upadhyay/.m2/repository/com/google/cloud/google-cloud-bigquerystorage/1.8.0/google-cloud-bigquerystorage-1.8.0.jar:/Users/digvijay.upadhyay/.m2/repository/org/codehaus/mojo/animal-sniffer-annotations/1.19/animal-sniffer-annotations-1.19.jar:/Users/digvijay.upadhyay/.m2/repository/io/grpc/grpc-protobuf-lite/1.35.0/grpc-protobuf-lite-1.35.0.jar:/Users/digvijay.upadhyay/.m2/repository/com/google/api/grpc/proto-google-cloud-bigquerystorage-v1alpha2/0.108.0/proto-google-cloud-bigquerystorage-v1alpha2-0.108.0.jar:/Users/digvijay.upadhyay/.m2/repository/com/google/api/grpc/proto-google-cloud-bigquerystorage-v1beta1/0.108.0/proto-google-cloud-bigquerystorage-v1beta1-0.108.0.jar:/Users/digvijay.upadhyay/.m2/repository/com/google/guava/failureaccess/1.0.1/failureaccess-1.0.1.jar:/Users/digvijay.upadhyay/.m2/repository/com/google/guava/listenablefuture/9999.0-empty-to-avoid-conflict-with-guava/listenablefuture-9999.0-empty-to-avoid-conflict-with-guava.jar:/Users/digvijay.upadhyay/.m2/repository/org/checkerframework/checker-compat-qual/2.5.5/checker-compat-qual-2.5.5.jar:/Users/digvijay.upadhyay/.m2/repository/org/apache/commons/commons-lang3/3.5/commons-lang3-3.5.jar:/Users/digvijay.upadhyay/.m2/repository/org/json/json/20200518/json-20200518.jar:/Users/digvijay.upadhyay/.m2/repository/com/google/cloud/google-cloud-bigquery/1.126.3/google-cloud-bigquery-1.126.3.jar:/Users/digvijay.upadhyay/.m2/repository/com/google/api/grpc/proto-google-iam-v1/1.0.7/proto-google-iam-v1-1.0.7.jar:/Users/digvijay.upadhyay/.m2/repository/com/google/cloud/google-cloud-core-http/1.94.0/google-cloud-core-http-1.94.0.jar:/Users/digvijay.upadhyay/.m2/repository/com/google/http-client/google-http-client-appengine/1.38.1/google-http-client-appengine-1.38.1.jar:/Users/digvijay.upadhyay/.m2/repository/com/google/api/gax-httpjson/0.77.1/gax-httpjson-0.77.1.jar:/Users/digvijay.upadhyay/.m2/repository/commons-codec/commons-codec/1.11/commons-codec-1.11.jar:/Users/digvijay.upadhyay/.m2/repository/com/google/android/annotations/4.1.1.4/annotations-4.1.1.4.jar:/Users/digvijay.upadhyay/.m2/repository/io/perfmark/perfmark-api/0.19.0/perfmark-api-0.19.0.jar:/Users/digvijay.upadhyay/.m2/repository/com/google/api/grpc/grpc-google-cloud-bigquerystorage-v1beta1/0.108.0/grpc-google-cloud-bigquerystorage-v1beta1-0.108.0.jar:/Users/digvijay.upadhyay/.m2/repository/com/google/api/grpc/grpc-google-cloud-bigquerystorage-v1beta2/0.108.0/grpc-google-cloud-bigquerystorage-v1beta2-0.108.0.jar:/Users/digvijay.upadhyay/.m2/repository/com/google/api/grpc/grpc-google-cloud-bigquerystorage-v1/1.8.0/grpc-google-cloud-bigquerystorage-v1-1.8.0.jar:/Users/digvijay.upadhyay/.m2/repository/com/google/cloud/bigtable/bigtable-client-core/1.16.0/bigtable-client-core-1.16.0.jar:/Users/digvijay.upadhyay/.m2/repository/com/google/cloud/google-cloud-bigtable/1.19.2/google-cloud-bigtable-1.19.2.jar:/Users/digvijay.upadhyay/.m2/repository/com/google/api/grpc/grpc-google-common-protos/2.0.1/grpc-google-common-protos-2.0.1.jar:/Users/digvijay.upadhyay/.m2/repository/com/google/api/grpc/grpc-google-cloud-bigtable-v2/1.19.2/grpc-google-cloud-bigtable-v2-1.19.2.jar:/Users/digvijay.upadhyay/.m2/repository/com/google/api/grpc/grpc-google-cloud-bigtable-admin-v2/1.19.2/grpc-google-cloud-bigtable-admin-v2-1.19.2.jar:/Users/digvijay.upadhyay/.m2/repository/io/opencensus/opencensus-contrib-grpc-util/0.24.0/opencensus-contrib-grpc-util-0.24.0.jar:/Users/digvijay.upadhyay/.m2/repository/io/dropwizard/metrics/metrics-core/3.2.6/metrics-core-3.2.6.jar:/Users/digvijay.upadhyay/.m2/repository/com/google/cloud/google-cloud-core/1.94.0/google-cloud-core-1.94.0.jar:/Users/digvijay.upadhyay/.m2/repository/com/google/cloud/google-cloud-core-grpc/1.94.0/google-cloud-core-grpc-1.94.0.jar:/Users/digvijay.upadhyay/.m2/repository/com/google/cloud/datastore/datastore-v1-proto-client/1.6.3/datastore-v1-proto-client-1.6.3.jar:/Users/digvijay.upadhyay/.m2/repository/com/google/http-client/google-http-client-protobuf/1.38.1/google-http-client-protobuf-1.38.1.jar:/Users/digvijay.upadhyay/.m2/repository/com/google/cloud/google-cloud-pubsublite/0.7.0/google-cloud-pubsublite-0.7.0.jar:/Users/digvijay.upadhyay/.m2/repository/com/google/flogger/flogger/0.5.1/flogger-0.5.1.jar:/Users/digvijay.upadhyay/.m2/repository/com/google/cloud/google-cloud-pubsub/1.110.3/google-cloud-pubsub-1.110.3.jar:/Users/digvijay.upadhyay/.m2/repository/com/google/cloud/google-cloud-spanner/3.2.1/google-cloud-spanner-3.2.1.jar:/Users/digvijay.upadhyay/.m2/repository/com/google/api/grpc/proto-google-cloud-spanner-admin-instance-v1/3.2.1/proto-google-cloud-spanner-admin-instance-v1-3.2.1.jar:/Users/digvijay.upadhyay/.m2/repository/com/google/api/grpc/grpc-google-cloud-spanner-admin-instance-v1/3.2.1/grpc-google-cloud-spanner-admin-instance-v1-3.2.1.jar:/Users/digvijay.upadhyay/.m2/repository/com/google/api/grpc/grpc-google-cloud-spanner-v1/3.2.1/grpc-google-cloud-spanner-v1-3.2.1.jar:/Users/digvijay.upadhyay/.m2/repository/com/google/api/grpc/grpc-google-cloud-spanner-admin-database-v1/3.2.1/grpc-google-cloud-spanner-admin-database-v1-3.2.1.jar:/Users/digvijay.upadhyay/.m2/repository/com/google/code/gson/gson/2.8.6/gson-2.8.6.jar:/Users/digvijay.upadhyay/.m2/repository/com/google/http-client/google-http-client-jackson2/1.38.1/google-http-client-jackson2-1.38.1.jar:/Users/digvijay.upadhyay/.m2/repository/io/grpc/grpc-alts/1.35.0/grpc-alts-1.35.0.jar:/Users/digvijay.upadhyay/.m2/repository/io/grpc/grpc-api/1.35.0/grpc-api-1.35.0.jar:/Users/digvijay.upadhyay/.m2/repository/io/grpc/grpc-auth/1.35.0/grpc-auth-1.35.0.jar:/Users/digvijay.upadhyay/.m2/repository/io/grpc/grpc-core/1.35.0/grpc-core-1.35.0.jar:/Users/digvijay.upadhyay/.m2/repository/io/grpc/grpc-context/1.35.0/grpc-context-1.35.0.jar:/Users/digvijay.upadhyay/.m2/repository/io/grpc/grpc-grpclb/1.35.0/grpc-grpclb-1.35.0.jar:/Users/digvijay.upadhyay/.m2/repository/io/grpc/grpc-netty/1.35.0/grpc-netty-1.35.0.jar:/Users/digvijay.upadhyay/.m2/repository/io/netty/netty-codec-http2/4.1.52.Final/netty-codec-http2-4.1.52.Final.jar:/Users/digvijay.upadhyay/.m2/repository/io/netty/netty-codec-http/4.1.52.Final/netty-codec-http-4.1.52.Final.jar:/Users/digvijay.upadhyay/.m2/repository/io/netty/netty-handler-proxy/4.1.52.Final/netty-handler-proxy-4.1.52.Final.jar:/Users/digvijay.upadhyay/.m2/repository/io/netty/netty-codec-socks/4.1.52.Final/netty-codec-socks-4.1.52.Final.jar:/Users/digvijay.upadhyay/.m2/repository/io/grpc/grpc-netty-shaded/1.35.0/grpc-netty-shaded-1.35.0.jar:/Users/digvijay.upadhyay/.m2/repository/io/grpc/grpc-stub/1.35.0/grpc-stub-1.35.0.jar:/Users/digvijay.upadhyay/.m2/repository/com/google/api/grpc/grpc-google-cloud-pubsub-v1/1.92.3/grpc-google-cloud-pubsub-v1-1.92.3.jar:/Users/digvijay.upadhyay/.m2/repository/com/google/api/grpc/grpc-google-cloud-pubsublite-v1/0.7.0/grpc-google-cloud-pubsublite-v1-0.7.0.jar:/Users/digvijay.upadhyay/.m2/repository/com/google/guava/guava/30.1-jre/guava-30.1-jre.jar:/Users/digvijay.upadhyay/.m2/repository/org/hamcrest/hamcrest/2.1/hamcrest-2.1.jar:/Users/digvijay.upadhyay/.m2/repository/org/apache/httpcomponents/httpclient/4.5.10/httpclient-4.5.10.jar:/Users/digvijay.upadhyay/.m2/repository/org/apache/httpcomponents/httpcore/4.4.12/httpcore-4.4.12.jar:/Users/digvijay.upadhyay/.m2/repository/io/netty/netty-handler/4.1.52.Final/netty-handler-4.1.52.Final.jar:/Users/digvijay.upadhyay/.m2/repository/io/netty/netty-common/4.1.52.Final/netty-common-4.1.52.Final.jar:/Users/digvijay.upadhyay/.m2/repository/io/netty/netty-resolver/4.1.52.Final/netty-resolver-4.1.52.Final.jar:/Users/digvijay.upadhyay/.m2/repository/io/netty/netty-buffer/4.1.52.Final/netty-buffer-4.1.52.Final.jar:/Users/digvijay.upadhyay/.m2/repository/io/netty/netty-transport/4.1.52.Final/netty-transport-4.1.52.Final.jar:/Users/digvijay.upadhyay/.m2/repository/io/netty/netty-codec/4.1.52.Final/netty-codec-4.1.52.Final.jar:/Users/digvijay.upadhyay/.m2/repository/io/netty/netty-tcnative-boringssl-static/2.0.33.Final/netty-tcnative-boringssl-static-2.0.33.Final.jar:/Users/digvijay.upadhyay/.m2/repository/com/google/api/grpc/proto-google-cloud-bigquerystorage-v1/1.8.0/proto-google-cloud-bigquerystorage-v1-1.8.0.jar:/Users/digvijay.upadhyay/.m2/repository/com/google/api/grpc/proto-google-cloud-bigquerystorage-v1beta2/0.108.0/proto-google-cloud-bigquerystorage-v1beta2-0.108.0.jar:/Users/digvijay.upadhyay/.m2/repository/com/google/api/grpc/proto-google-cloud-bigtable-admin-v2/1.19.2/proto-google-cloud-bigtable-admin-v2-1.19.2.jar:/Users/digvijay.upadhyay/.m2/repository/com/google/api/grpc/proto-google-cloud-bigtable-v2/1.19.2/proto-google-cloud-bigtable-v2-1.19.2.jar:/Users/digvijay.upadhyay/.m2/repository/com/google/api/grpc/proto-google-cloud-datastore-v1/0.88.5/proto-google-cloud-datastore-v1-0.88.5.jar:/Users/digvijay.upadhyay/.m2/repository/com/google/api/grpc/proto-google-cloud-pubsub-v1/1.92.3/proto-google-cloud-pubsub-v1-1.92.3.jar:/Users/digvijay.upadhyay/.m2/repository/com/google/api/grpc/proto-google-cloud-pubsublite-v1/0.7.0/proto-google-cloud-pubsublite-v1-0.7.0.jar:/Users/digvijay.upadhyay/.m2/repository/com/google/api/grpc/proto-google-cloud-spanner-admin-database-v1/3.2.1/proto-google-cloud-spanner-admin-database-v1-3.2.1.jar:/Users/digvijay.upadhyay/.m2/repository/com/google/api/grpc/proto-google-cloud-spanner-v1/3.2.1/proto-google-cloud-spanner-v1-3.2.1.jar:/Users/digvijay.upadhyay/.m2/repository/com/google/api/grpc/proto-google-common-protos/2.0.1/proto-google-common-protos-2.0.1.jar:/Users/digvijay.upadhyay/.m2/repository/com/google/protobuf/protobuf-java/3.14.0/protobuf-java-3.14.0.jar:/Users/digvijay.upadhyay/.m2/repository/com/google/protobuf/protobuf-java-util/3.14.0/protobuf-java-util-3.14.0.jar:/Users/digvijay.upadhyay/.m2/repository/org/threeten/threetenbp/1.4.4/threetenbp-1.4.4.jar:/Users/digvijay.upadhyay/.m2/repository/com/google/api-client/google-api-client/1.31.1/google-api-client-1.31.1.jar:/Users/digvijay.upadhyay/.m2/repository/com/google/oauth-client/google-oauth-client/1.31.2/google-oauth-client-1.31.2.jar:/Users/digvijay.upadhyay/.m2/repository/com/google/http-client/google-http-client-apache-v2/1.38.1/google-http-client-apache-v2-1.38.1.jar:/Users/digvijay.upadhyay/.m2/repository/com/google/apis/google-api-services-bigquery/v2-rev20210219-1.31.0/google-api-services-bigquery-v2-rev20210219-1.31.0.jar:/Users/digvijay.upadhyay/.m2/repository/com/google/http-client/google-http-client/1.38.1/google-http-client-1.38.1.jar:/Users/digvijay.upadhyay/.m2/repository/com/google/j2objc/j2objc-annotations/1.3/j2objc-annotations-1.3.jar:/Users/digvijay.upadhyay/.m2/repository/io/opencensus/opencensus-api/0.24.0/opencensus-api-0.24.0.jar:/Users/digvijay.upadhyay/.m2/repository/io/opencensus/opencensus-contrib-http-util/0.24.0/opencensus-contrib-http-util-0.24.0.jar:/Users/digvijay.upadhyay/.m2/repository/com/google/apis/google-api-services-pubsub/v1-rev20210208-1.31.0/google-api-services-pubsub-v1-rev20210208-1.31.0.jar:/Users/digvijay.upadhyay/.m2/repository/joda-time/joda-time/2.10.10/joda-time-2.10.10.jar:/Users/digvijay.upadhyay/.m2/repository/org/slf4j/slf4j-api/1.7.30/slf4j-api-1.7.30.jar:/Users/digvijay.upadhyay/.m2/repository/org/slf4j/slf4j-jdk14/1.7.30/slf4j-jdk14-1.7.30.jar:/Users/digvijay.upadhyay/.m2/repository/org/hamcrest/hamcrest-core/2.1/hamcrest-core-2.1.jar:/Users/digvijay.upadhyay/.m2/repository/org/hamcrest/hamcrest-library/2.1/hamcrest-library-2.1.jar:/Users/digvijay.upadhyay/.m2/repository/junit/junit/4.13.1/junit-4.13.1.jar:/Users/digvijay.upadhyay/.m2/repository/org/apache/beam/beam-runners-direct-java/2.29.0/beam-runners-direct-java-2.29.0.jar:/Users/digvijay.upadhyay/.m2/repository/org/mockito/mockito-core/3.7.7/mockito-core-3.7.7.jar:/Users/digvijay.upadhyay/.m2/repository/net/bytebuddy/byte-buddy/1.10.19/byte-buddy-1.10.19.jar:/Users/digvijay.upadhyay/.m2/repository/net/bytebuddy/byte-buddy-agent/1.10.19/byte-buddy-agent-1.10.19.jar:/Users/digvijay.upadhyay/.m2/repository/org/objenesis/objenesis/3.1/objenesis-3.1.jar:/Users/digvijay.upadhyay/.m2/repository/org/apache/beam/beam-runners-portability-java/2.29.0/beam-runners-portability-java-2.29.0.jar:/Users/digvijay.upadhyay/.m2/repository/org/apache/beam/beam-runners-java-fn-execution/2.29.0/beam-runners-java-fn-execution-2.29.0.jar:/Users/digvijay.upadhyay/.m2/repository/org/apache/beam/beam-runners-java-job-service/2.29.0/beam-runners-java-job-service-2.29.0.jar:/Users/digvijay.upadhyay/.m2/repository/args4j/args4j/2.33/args4j-2.33.jar:/Users/digvijay.upadhyay/.m2/repository/org/apache/beam/beam-sdks-java-harness/2.29.0/beam-sdks-java-harness-2.29.0.jar:/Users/digvijay.upadhyay/.m2/repository/org/apache/beam/beam-model-fn-execution/2.29.0/beam-model-fn-execution-2.29.0.jar:/Users/digvijay.upadhyay/.m2/repository/org/apache/beam/beam-sdks-java-fn-execution/2.29.0/beam-sdks-java-fn-execution-2.29.0.jar:"/>
    <property name="sun.cpu.endian" value="little"/>
    <property name="user.home" value="/Users/digvijay.upadhyay"/>
    <property name="user.language" value="en"/>
    <property name="java.specification.vendor" value="Oracle Corporation"/>
    <property name="java.home" value="/Library/Java/JavaVirtualMachines/jdk1.8.0_291.jdk/Contents/Home/jre"/>
    <property name="basedir" value="/Users/digvijay.upadhyay/GitHub/java-playground/word-count-beam"/>
    <property name="file.separator" value="/"/>
    <property name="line.separator" value="&#10;"/>
    <property name="java.vm.specification.vendor" value="Oracle Corporation"/>
    <property name="java.specification.name" value="Java Platform API Specification"/>
    <property name="java.awt.graphicsenv" value="sun.awt.CGraphicsEnvironment"/>
    <property name="surefire.real.class.path" value="/Users/digvijay.upadhyay/GitHub/java-playground/word-count-beam/target/surefire/surefirebooter5314715808604461266.jar"/>
    <property name="sun.boot.class.path" value="/Library/Java/JavaVirtualMachines/jdk1.8.0_291.jdk/Contents/Home/jre/lib/resources.jar:/Library/Java/JavaVirtualMachines/jdk1.8.0_291.jdk/Contents/Home/jre/lib/rt.jar:/Library/Java/JavaVirtualMachines/jdk1.8.0_291.jdk/Contents/Home/jre/lib/sunrsasign.jar:/Library/Java/JavaVirtualMachines/jdk1.8.0_291.jdk/Contents/Home/jre/lib/jsse.jar:/Library/Java/JavaVirtualMachines/jdk1.8.0_291.jdk/Contents/Home/jre/lib/jce.jar:/Library/Java/JavaVirtualMachines/jdk1.8.0_291.jdk/Contents/Home/jre/lib/charsets.jar:/Library/Java/JavaVirtualMachines/jdk1.8.0_291.jdk/Contents/Home/jre/lib/jfr.jar:/Library/Java/JavaVirtualMachines/jdk1.8.0_291.jdk/Contents/Home/jre/classes"/>
    <property name="sun.management.compiler" value="HotSpot 64-Bit Tiered Compilers"/>
    <property name="java.runtime.version" value="1.8.0_291-b10"/>
    <property name="user.name" value="digvijay.upadhyay"/>
    <property name="path.separator" value=":"/>
    <property name="os.version" value="10.15.7"/>
    <property name="java.endorsed.dirs" value="/Library/Java/JavaVirtualMachines/jdk1.8.0_291.jdk/Contents/Home/jre/lib/endorsed"/>
    <property name="java.runtime.name" value="Java(TM) SE Runtime Environment"/>
    <property name="file.encoding" value="UTF-8"/>
    <property name="java.vm.name" value="Java HotSpot(TM) 64-Bit Server VM"/>
    <property name="localRepository" value="/Users/digvijay.upadhyay/.m2/repository"/>
    <property name="java.vendor.url.bug" value="http://bugreport.sun.com/bugreport/"/>
    <property name="java.io.tmpdir" value="/var/folders/k9/llxk0g057zd2thp72smzxx_496fgp8/T/"/>
    <property name="java.version" value="1.8.0_291"/>
    <property name="user.dir" value="/Users/digvijay.upadhyay/GitHub/java-playground/word-count-beam"/>
    <property name="os.arch" value="x86_64"/>
    <property name="java.vm.specification.name" value="Java Virtual Machine Specification"/>
    <property name="java.awt.printerjob" value="sun.lwawt.macosx.CPrinterJob"/>
    <property name="sun.os.patch.level" value="unknown"/>
    <property name="java.library.path" value="/Users/digvijay.upadhyay/Library/Java/Extensions:/Library/Java/Extensions:/Network/Library/Java/Extensions:/System/Library/Java/Extensions:/usr/lib/java:."/>
    <property name="java.vm.info" value="mixed mode"/>
    <property name="java.vendor" value="Oracle Corporation"/>
    <property name="java.vm.version" value="25.291-b10"/>
    <property name="java.ext.dirs" value="/Users/digvijay.upadhyay/Library/Java/Extensions:/Library/Java/JavaVirtualMachines/jdk1.8.0_291.jdk/Contents/Home/jre/lib/ext:/Library/Java/Extensions:/Network/Library/Java/Extensions:/System/Library/Java/Extensions:/usr/lib/java"/>
    <property name="sun.io.unicode.encoding" value="UnicodeBig"/>
    <property name="java.class.version" value="52.0"/>
  </properties>
  <testcase name="testScoreUpdatesPerTeam" classname="org.apache.beam.examples.complete.game.StatefulTeamScoreTest" time="4.305"/>
  <testcase name="testScoreUpdatesOneTeam" classname="org.apache.beam.examples.complete.game.StatefulTeamScoreTest" time="4.002"/>
  <testcase name="testScoreUpdatesPerWindow" classname="org.apache.beam.examples.complete.game.StatefulTeamScoreTest" time="4.281"/>
</testsuite>